<?xml version="1.0" encoding="UTF-8"?>
<testsuite name="ParserTest" tests="3" skipped="0" failures="0" errors="0" timestamp="2024-04-19T18:40:36" hostname="DESKTOP-NP2KR2M" time="0.033">
  <properties/>
  <testcase name="testSortByArea()" classname="ParserTest" time="0.025"/>
  <testcase name="testSortByName()" classname="ParserTest" time="0.002"/>
  <testcase name="testSortByPopulation()" classname="ParserTest" time="0.002"/>
  <system-out><![CDATA[]]></system-out>
  <system-err><![CDATA[]]></system-err>
</testsuite>
